SpeechBrain system description
==============================
Python version:
3.8.13 (default, Mar 28 2022, 11:38:47) 
[GCC 7.5.0]
==============================
Installed Python packages:
absl-py==1.1.0
appdirs==1.4.4
apturl==0.5.2
argon2-cffi==21.1.0
astunparse==1.6.3
attrs==21.2.0
autopep8==1.6.0
Babel==2.8.0
backcall==0.2.0
bcrypt==3.2.0
beautifulsoup4==4.10.0
beniget==0.4.1
black==19.10b0
bleach==4.1.0
blinker==1.4
Bottleneck==1.3.2
Brlapi==0.8.3
Brotli==1.0.9
cachetools==5.0.0
cachy==0.3.0
certifi==2020.6.20
cffi==1.15.0
cfgv==3.3.1
chardet==4.0.0
cleo==0.8.1
click==8.0.4
clikit==0.6.2
colorama==0.4.4
command-not-found==0.3
crashtest==0.3.1
crlibm==1.0.3
cryptography==3.4.8
cupshelpers==1.0
cycler==0.11.0
dbus-python==1.2.18
decorator==4.4.2
defer==1.0.6
defusedxml==0.7.1
distlib==0.3.4
distro==1.7.0
distro-info===1.1build1
duplicity==0.8.21
entrypoints==0.3
et-xmlfile==1.0.1
fasteners==0.14.1
filelock==3.6.0
flake8==3.7.9
flatbuffers==1.12
fonttools==4.29.1
fs==2.4.12
future==0.18.2
gast==0.4.0
google-auth==2.9.0
google-auth-oauthlib==0.4.6
google-pasta==0.2.0
grpcio==1.30.2
h5py==3.6.0
h5py.-debian-h5py-serial==3.6.0
html5lib==1.1
httplib2==0.20.2
huggingface-hub==0.7.0
HyperPyYAML==1.0.1
identify==2.5.1
idna==3.3
importlib-metadata==4.6.4
infinity==1.5
iniconfig==1.1.1
ipykernel==6.7.0
ipython==7.31.1
ipython_genutils==0.2.0
ipywidgets==6.0.0
jdcal==1.0
jedi==0.18.0
jeepney==0.7.1
Jinja2==3.0.3
joblib==0.17.0
jsonschema==3.2.0
jupyter-client==7.1.2
jupyter-console==6.4.0
jupyter-core==4.9.1
jupyterlab-pygments==0.1.2
keras==2.9.0
Keras-Preprocessing==1.1.2
keyring==23.5.0
kiwisolver==1.3.2
language-selector==0.1
launchpadlib==1.10.16
lazr.restfulclient==0.14.4
lazr.uri==1.0.6
libclang==14.0.1
llvmlite==0.38.0
lockfile==0.12.2
louis==3.20.0
lxml==4.8.0
lz4==3.1.3+dfsg
macaroonbakery==1.3.1
Mako==1.1.3
Markdown==3.3.6
MarkupSafe==2.0.1
matplotlib==3.5.1
matplotlib-inline==0.1.3
mccabe==0.6.1
monotonic==1.6
more-itertools==8.10.0
mpmath==0.0.0
nbclient==0.5.6
nbconvert==6.4.0
nbformat==5.1.3
nest-asyncio==1.5.4
netifaces==0.11.0
nodeenv==1.7.0
nose==1.3.7
notebook==6.4.8
numba==0.55.1
numexpr==2.8.1
numpy==1.21.5
nvidia-ml-py3==7.352.0
oauthlib==3.2.0
odfpy==1.4.2
olefile==0.46
openpyxl==3.0.9
opt-einsum==3.3.0
packaging==21.3
pandas==1.3.5
pandocfilters==1.5.0
paramiko==2.9.3
parso==0.8.1
pastel==0.2.1
pathspec==0.9.0
pexpect==4.8.0
pickleshare==0.7.5
picovoice==2.1.5
Pillow==9.0.1
pkginfo==1.8.2
platformdirs==2.5.1
pluggy==0.13.0
ply==3.11
poetry==1.1.12
poetry-core==1.0.7
pre-commit==2.20.0
prometheus-client==0.9.0
prompt-toolkit==3.0.28
protobuf==3.12.4
psutil==5.9.0
ptyprocess==0.7.0
pvcobra==1.1.3
pvcobrademo==1.1.3
pvporcupine==2.1.4
pvrecorder==1.1.0
pvrhino==2.1.7
py==1.10.0
pyasn1==0.4.8
pyasn1-modules==0.2.8
pycairo==1.20.1
pycobra==0.2.5
pycodestyle==2.5.0
pycparser==2.21
pycups==2.0.1
pyflakes==2.1.1
Pygments==2.11.2
PyGObject==3.42.0
pyinotify==0.9.6
pyinterval==1.2.0
PyJWT==2.4.0
pylev==1.2.0
pymacaroons==0.13.0
PyNaCl==1.5.0
pyOpenSSL==21.0.0
pyparsing==2.4.7
pyRFC3339==1.1
pyrsistent==0.18.1
pytest==5.4.1
python-apt==2.3.0+ubuntu2
python-dateutil==2.8.1
python-debian===0.1.43ubuntu1
pythran==0.10.0
pytz==2022.1
pyxdg==0.27
PyYAML==5.4.1
pyzmq==22.3.0
regex==2022.7.9
reportlab==3.6.8
requests==2.25.1
requests-oauthlib==1.3.0
requests-toolbelt==0.9.1
rsa==4.8
ruamel.yaml==0.17.21
ruamel.yaml.clib==0.2.6
scikit-learn==0.23.2
scipy==1.8.0
screen-resolution-extra==0.0.0
seaborn==0.11.2
SecretStorage==3.3.1
Send2Trash==1.8.1b0
sentencepiece==0.1.96
shellingham==1.4.0
simplejson==3.17.6
six==1.16.0
soupsieve==2.3.1
speechbrain==0.5.12
sympy==1.9
systemd-python==234
tables==3.7.0
tensorboard==2.9.1
tensorboard-data-server==0.6.1
tensorboard-plugin-wit==1.8.1
tensorflow==2.9.1
tensorflow-estimator==2.9.0
tensorflow-gpu==2.9.1
tensorflow-io-gcs-filesystem==0.26.0
termcolor==1.1.0
terminado==0.13.1
testpath==0.5.0
threadpoolctl==3.1.0
toml==0.10.2
tomli==2.0.1
tomlkit==0.9.2
torch==1.11.0
torchaudio==0.11.0
tornado==6.1
tqdm==4.64.0
traitlets==5.1.1
typed-ast==1.5.4
typing-extensions==3.10.0.2
ubuntu-advantage-tools==27.9
ubuntu-drivers-common==0.0.0
ufoLib2==0.13.1
ufw==0.36.1
unattended-upgrades==0.1
unicodedata2==14.0.0
urllib3==1.26.5
usb-creator==0.3.7
virtualenv==20.13.0+ds
wadllib==1.3.6
wcwidth==0.2.5
webencodings==0.5.1
webrtcvad==2.0.10
Werkzeug==2.0.2
widgetsnbextension==2.0.0
wrapt==1.13.3
xdg==5
xkit==0.0.0
xlwt==1.3.0
yamllint==1.23.0
zipp==1.0.0
==============================
Could not get git revision==============================
CUDA version:
10.2